     1                                  section .data
     2 00000000 31323334                	A: db '1', '2', '3', '4'
     3                                  section .text
     4                                  	global main
     5                                  main:
     6 00000000 48B8-                   	mov rax, A
     7 00000002 [0000000000000000] 
     8 0000000A 488B18                  	mov rbx, [rax]
     9 0000000D 48FFC0                  	inc rax
    10 00000010 488B18                  	mov rbx, [rax]
    11                                  	
    12 00000013 488B5801                	mov rbx, [rax + 1]
    13                                  
    14 00000017 B801000000              	mov rax, 1
    15 0000001C 488B98[00000000]        	mov rbx, [A + rax]
    16 00000023 488B1C25[02000000]      	mov rbx, [A + 2]
    17                                  
    18 0000002B 488B042500000000        	mov rax, [0x000000000000]
    19                                  
    20 00000033 B801000000              	mov rax, 1
    21 00000038 BB00000000              	mov rbx, 0
    22 0000003D CD80                    	int 80H
