     1                                  section .data
     2 00000000 6400000000000000        	n1: dq 100
     3 00000008 64                      	n2: db 100
     4 00000009 64                      	n3: db 100
     5                                  section .text
     6                                  	global _start
     7                                  _start:
     8 00000000 B8[00000000]            	mov eax, n1
     9 00000005 48F7D8                  	neg rax
    10                                  
    11 00000008 48B8-                   	mov rax, _start
    12 0000000A [0000000000000000] 
    13                                  
    14 00000012 B302                    	mov bl, 2
    15 00000014 B002                    	mov al, 2
    16 00000016 F6E3                    	mul bl
    17                                  
    18 00000018 B801000000              	mov eax, 1
    19 0000001D BB00000000              	mov ebx, 0
    20 00000022 CD80                    	int 80H
