     1                                  %macro .string 2+
     2                                  	%1: db %2
     3                                  	%1_len equ $-%1
     4                                  %endmacro
     5                                  
     6                                  %macro return_to_os 0
     7                                  	mov rax, 60
     8                                  	mov rdi, 0
     9                                  	syscall
    10                                  %endmacro
    11                                  
    12                                  %macro write 3
    13                                  	mov rax, 1
    14                                  	mov rdi, %1
    15                                  	mov rsi, %2
    16                                  	mov rdx, %3
    17                                  	syscall
    18                                  %endmacro
    19                                  
    20                                  section .data
    21                                  	.string parham, "Parham", 10
    22 00000000 50617268616D0A      <1>  %1: db %2
    23                              <1>  %1_len equ $-%1
    24                                  section .text
    25                                  	global _start
    26                                  _start:
    27                                  	write 1, parham, parham_len
    28 00000000 B801000000          <1>  mov rax, 1
    29 00000005 BF01000000          <1>  mov rdi, %1
    30 0000000A 48BE-               <1>  mov rsi, %2
    31 0000000C [0000000000000000]  <1>
    32 00000014 BA07000000          <1>  mov rdx, %3
    33 00000019 0F05                <1>  syscall
    34                                  	return_to_os
    35 0000001B B83C000000          <1>  mov rax, 60
    36 00000020 BF00000000          <1>  mov rdi, 0
    37 00000025 0F05                <1>  syscall
