     1                                  section .date
     2 00000000 48656C6C6F20776F72-     	s1: db "Hello world of assmebly", 10
     3 00000009 6C64206F6620617373-
     4 00000012 6D65626C790A       
     5                                  	s1_len: equ $ - s1
     6                                  section .bss
     7 00000000 <res 00000064>          	s2: resb 100
     8                                  section .text
     9                                  	global _start
    10                                  _start:
    11 00000000 B918000000              	mov rcx, s1_len
    12 00000005 48BE-                   	mov rsi, s1
    13 00000007 [0000000000000000] 
    14 0000000F 48BF-                   	mov rdi, s2
    15 00000011 [0000000000000000] 
    16                                  
    17 00000019 F3A4                    	rep movsb
    18                                  
    19 0000001B B804000000              	mov eax, 4
    20 00000020 BB01000000              	mov ebx, 1
    21 00000025 B9[00000000]            	mov ecx, s2
    22 0000002A BA18000000              	mov edx, s1_len
    23 0000002F CD80                    	int 80H
    24                                  
    25 00000031 B801000000              	mov eax, 1
    26 00000036 BB00000000              	mov ebx, 0
    27 0000003B CD80                    	int 80H
